<component name="libraryTable">
  <library name="junit-platform-engine-1.0.0-M2">
    <CLASSES>
      <root url="jar://$USER_HOME$/.gradle/caches/modules-2/files-2.1/org.junit.platform/junit-platform-engine/1.0.0-M2/fe36ee348295ec740b068b3dd46ec5c733134eb5/junit-platform-engine-1.0.0-M2.jar!/" />
    </CLASSES>
    <JAVADOC />
    <SOURCES>
      <root url="jar://$USER_HOME$/.gradle/caches/modules-2/files-2.1/org.junit.platform/junit-platform-engine/1.0.0-M2/f5d500a78355875859fbf48de2baa57bfae7d5e0/junit-platform-engine-1.0.0-M2-sources.jar!/" />
    </SOURCES>
  </library>
</component>