<component name="libraryTable">
  <library name="junit-platform-runner-1.0.0-M2">
    <CLASSES>
      <root url="jar://$USER_HOME$/.gradle/caches/modules-2/files-2.1/org.junit.platform/junit-platform-runner/1.0.0-M2/cd83cbb3172350ff02cd3c62a29b131c53d765b/junit-platform-runner-1.0.0-M2.jar!/" />
    </CLASSES>
    <JAVADOC />
    <SOURCES>
      <root url="jar://$USER_HOME$/.gradle/caches/modules-2/files-2.1/org.junit.platform/junit-platform-runner/1.0.0-M2/38b6c890ddbdeeac4d67b695eb9ec7f888617f74/junit-platform-runner-1.0.0-M2-sources.jar!/" />
    </SOURCES>
  </library>
</component>