<component name="libraryTable">
  <library name="junit-platform-commons-1.0.0-M2">
    <CLASSES>
      <root url="jar://$USER_HOME$/.gradle/caches/modules-2/files-2.1/org.junit.platform/junit-platform-commons/1.0.0-M2/a6f1f88b10512623ed14e8b93be10b7590f74c11/junit-platform-commons-1.0.0-M2.jar!/" />
    </CLASSES>
    <JAVADOC />
    <SOURCES>
      <root url="jar://$USER_HOME$/.gradle/caches/modules-2/files-2.1/org.junit.platform/junit-platform-commons/1.0.0-M2/9b8e5ae60ac6bfa83795e6117a5443e4c67a322d/junit-platform-commons-1.0.0-M2-sources.jar!/" />
    </SOURCES>
  </library>
</component>